start updating again
orig value: 100, fix to: 0
orig value: 100, fix to: 0
MI_SYS_Init cost 2041.000000ms
8309.000000 driver_name (nil)
8311.000000 FB_CreateDevice GFX_Open return 0
init audio 1000031
SDL_AudioInit(null)
audio driver dsp availale
SDL_OpenAudio freq 44100, format 32784, channels 1, samples 2048
opened /dev/dsp audio_fd is 8
mi_ao sample rate=48000
mi_ao sample rate new =48000
open audio true
FB_EnterGraphicsMode start
iotcl VT_GETSTATE start
iotcl VT_ACTIVATE start 1
iotcl VT_WAITACTIVE start
iotcl KDGKBMODE start
iotcl KDSKBMODE start 3
iotcl KDSETMODE start
iotcl VT_LOCKSWITCH start
FB_EnterGraphicsMode end
[SDL_RunAudio] : Task exiting. (TID-1310735264)
close audio_fd is 8
FB_LeaveGraphicsMode
ioctl KDSETMODE KD_TEXT
ioctl KDSETMODE KD_TEXT 3
ioctl VT_UNLOCKSWITCH
FB_FreeHWSurface 0x45260, 0x42c00, (nil)
wifi power:0
orig value: 100, fix to: 0
wifi power:1
Successfully initialized wpa_supplicant
rfkill: Cannot open RFKILL control device
11 Jun 19:42:47 ntpdate[956]: step time server 158.227.98.15 offset +1718131333.499954 sec
Error parsing conf line: 
('udhcpc exito:', u'udhcpc (v1.20.2) started\nSending discover...\nSending discover...\nSending select for 192.168.0.182...\nLease of 192.168.0.182 obtained, lease time 604800\n')
orig value: 100, fix to: 0
[json] pico.customkey.A: 120
[json] pico.customkey.B: 122
[json] pico.customkey.X: 122
[json] pico.customkey.Y: 120
[json] pico.customkey.L1: 1073741899
Parameter 'name' is invalid
Invalid pico.customkey.L2, reset as 39
[json] pico.customkey.R1: 1073741902
[json] pico.customkey.R2: 27
[json] pico.customkey.LeftDpad: 1073741904
[json] pico.customkey.RightDpad: 1073741903
[json] pico.customkey.UpDpad: 1073741906
[json] pico.customkey.DownDpad: 1073741905
[json] pico.customkey.Start: 13
Parameter 'name' is invalid
Invalid pico.customkey.Select, reset as 109
Parameter 'name' is invalid
Invalid pico.customkey.Menu, reset as 39
[json] pico.perf.maxcpu: 1300
[json] pico.perf.mincpu: 600
[json] pico.perf.cpuclock: 1200
[json] pico.perf.cpuclockincrement: 25
[json] pico.mouse.scaleFactor: 1
[json] pico.mouse.acceleration: 4.000000
[json] pico.mouse.accelerationRate: 1.500000
[json] pico.mouse.maxAcceleration: 4.000000
[json] pico.mouse.incrementModifier: 1.000000
[json] pico.res.current_bezel_id: 5
[json] pico.res.bezel_path: res/border/
[json] pico.res.digit_path: res/digit
[json] pico.res.bezel_int_path: res/border/
[json] pico.res.current_integer_bezel_id: 0
Loaded and optimized image: res/icon/mouse.png
Loaded and optimized image: res/border//def_border.png
Loaded and optimized image: res/border//drkhrse.png
Loaded and optimized image: res/border//drkhrseonion.png
Loaded and optimized image: res/border//koriki.png
Loaded and optimized image: res/border//pico.png
Loaded and optimized image: res/border//retro.png
Loaded and optimized image: res/border//space.png
Loaded and optimized image: res/border//def_border.png
Loaded and optimized image: res/border//drkhrse.png
Loaded and optimized image: res/border//drkhrseonion.png
Loaded and optimized image: res/border//koriki.png
Loaded and optimized image: res/border//pico.png
Loaded and optimized image: res/border//retro.png
Loaded and optimized image: res/border//space.png
Loaded and optimized image: res/digit/0.png
Loaded and optimized image: res/digit/1.png
Loaded and optimized image: res/digit/2.png
Loaded and optimized image: res/digit/3.png
Loaded and optimized image: res/digit/4.png
Loaded and optimized image: res/digit/5.png
Loaded and optimized image: res/digit/6.png
Loaded and optimized image: res/digit/7.png
Loaded and optimized image: res/digit/8.png
Loaded and optimized image: res/digit/9.png
That operation is not supported
That operation is not supported
That operation is not supported
MMIYOO_CreateWindow, w:320, h:240
Invalid audio device ID
Invalid audio device ID
Invalid audio device ID
Invalid audio device ID
Invalid audio device ID
Invalid audio device ID
MMIYOO_OpenDevice, freq:22050 sample:1024 channels:1
Volume set to 0dB
orig value: 100, fix to: 0
orig value: 103, fix to: 3
orig value: 100, fix to: 0
orig value: 97, fix to: -3
orig value: 94, fix to: -6
orig value: 91, fix to: -9
orig value: 88, fix to: -12
orig value: 85, fix to: -15
orig value: 82, fix to: -18
orig value: 79, fix to: -21
orig value: 76, fix to: -24
orig value: 73, fix to: -27
orig value: 70, fix to: -30
orig value: 67, fix to: -33
orig value: 64, fix to: -36
orig value: 61, fix to: -39
orig value: 58, fix to: -42
orig value: 55, fix to: -45
orig value: 52, fix to: -48
orig value: 49, fix to: -51
orig value: 46, fix to: -54
orig value: 43, fix to: -57
orig value: 46, fix to: -54
orig value: 49, fix to: -51
orig value: 52, fix to: -48
orig value: 55, fix to: -45
orig value: 58, fix to: -42
orig value: 61, fix to: -39
orig value: 64, fix to: -36
orig value: 67, fix to: -33
orig value: 70, fix to: -30
orig value: 73, fix to: -27
orig value: 76, fix to: -24
orig value: 79, fix to: -21
orig value: 82, fix to: -18
orig value: 85, fix to: -15
orig value: 88, fix to: -12
orig value: 91, fix to: -9
orig value: 94, fix to: -6
orig value: 97, fix to: -3
orig value: 100, fix to: 0
orig value: 103, fix to: 3
orig value: 106, fix to: 6
orig value: 109, fix to: 9
orig value: 106, fix to: 6
orig value: 103, fix to: 3
orig value: 100, fix to: 0
orig value: 97, fix to: -3
orig value: 94, fix to: -6
Updated settings in json file (/mnt/SDCARD/App/pico/cfg/korikicf.json) successfully!
K00 power off
kill
kill
kill
